%##############################################################################
%################## Copyright 2008 University of Washington ###################
%##############################################################################


% dense PMFs
0 


% sparse PMFs
0 


% means
0 


% diagonal covariance matrices
0 


% dlink matrices
0 


% weight matrices
0 


% Dense CPTs
9 
0 
startState_CPT 
0 % number parents
30 % cardinalities
   0.00000000    0.14965235    0.00000000    0.00000000    0.00000000    0.00000000    0.07482617    0.00000000    0.03741309    0.00000000    0.24473827    0.00000000    0.00000000    0.00000000    0.00000000    0.00000000    0.48637013    0.00000000    0.00000000    0.00000000    0.00000000    0.00000000    0.00000000    0.00000000    0.00000000    0.00000000    0.00000000    0.00000000    0.00000000    0.00700000  
1 
length_CPT 
1 % number parents
16 26 % cardinalities
1.  0.  0.  0.  0.  0.  0.  0.  0.  0.  0.  0.  0.  0.  0.  0.  0.  0.  0.  0.  0.  0.  0.  0.  0.  0.  
0.  8.57223862852301283e-08 1.92921258669952948e-03 2.30863488655851318e-03 1.30711709082906198e-02 2.10096600788882530e-02 6.64934551337857116e-02 6.90104133401397840e-02 7.99939077905652135e-02 8.48285514729805318e-02 8.05916052125648930e-02 7.41635309614047528e-02 4.79779750669382041e-02 4.56078515628424511e-02 3.34667590499156814e-02 5.58689976755638654e-02 4.26548479968370392e-02 3.46935469223659532e-02 4.37763400170950515e-02 7.04498387720984970e-02 1.32103614842079359e-01 0.  0.  0.  0.  0.  
0.  0.  0.  0.  0.  1.  0.  0.  0.  0.  0.  0.  0.  0.  0.  0.  0.  0.  0.  0.  0.  0.  0.  0.  0.  0.  
0.  0.  0.  0.  0.  7.47407470180874636e-03 7.93382458462975858e-03 1.83779138900765013e-02 4.58690012368899655e-02 9.67703561119151318e-02 1.45561825864504640e-01 1.55590688440448766e-01 1.59462309922682260e-01 1.47827745752565104e-01 9.37433215248321405e-02 6.05404388032065241e-02 2.99294718898003610e-02 1.31627745039684628e-02 5.88549732375927975e-03 3.04047625667165297e-03 1.67178795824360045e-03 9.15248659004401954e-04 9.53813599690583294e-04 2.19074367980291902e-03 2.50759192373913378e-03 5.91093371760065874e-04 
0.  0.  0.  0.  0.  0.  0.  0.  0.  0.  1.  0.  0.  0.  0.  0.  0.  0.  0.  0.  0.  0.  0.  0.  0.  0.  
1.  0.  0.  0.  0.  0.  0.  0.  0.  0.  0.  0.  0.  0.  0.  0.  0.  0.  0.  0.  0.  0.  0.  0.  0.  0.  
0.  9.24668590522592609e-09 7.41999271627614195e-04 1.68775078744469835e-02 4.03650711884146404e-02 7.11945339958442724e-02 1.11307349199481848e-01 1.19571601474106878e-01 6.47901517928486242e-02 5.57715227632326407e-02 4.67445625187300623e-02 5.23989062497471764e-02 4.00489182238430511e-02 3.80220952253428682e-02 3.86941229388930510e-02 4.72277045667918172e-02 5.29548096066771168e-02 4.70848835955168729e-02 4.18123740604048263e-02 4.10008692351540166e-02 7.33910069722095992e-02 0.  0.  0.  0.  0.  
1.  0.  0.  0.  0.  0.  0.  0.  0.  0.  0.  0.  0.  0.  0.  0.  0.  0.  0.  0.  0.  0.  0.  0.  0.  0.  
1.  0.  0.  0.  0.  0.  0.  0.  0.  0.  0.  0.  0.  0.  0.  0.  0.  0.  0.  0.  0.  0.  0.  0.  0.  0.  
0.  5.16197726913632526e-01 2.08252368846611968e-01 1.13898187020981534e-01 5.98961291103922641e-02 3.13934720098825032e-02 2.09855223680666357e-02 1.49727551653781044e-02 1.21686350456143028e-02 1.01407601184734485e-02 1.20944434009666538e-02 0.  0.  0.  0.  0.  0.  0.  0.  0.  0.  0.  0.  0.  0.  0.  
0.  0.  0.  0.  0.  0.  9.23947604172513544e-03 5.04807523064616515e-02 1.24121778790638015e-01 1.38023259870411780e-01 1.66104170425192460e-01 1.96985772800848391e-01 1.38726210509897696e-01 6.77317979179970081e-02 3.86685477185372620e-02 3.12231582583273118e-02 1.18809362824723735e-02 7.04381582683017479e-03 7.66650112686748098e-03 7.40991959399544663e-03 4.69390252979765173e-03 0.  0.  0.  0.  0.  
0.  7.09766209324743380e-02 4.44507955282270995e-01 1.94465758681399953e-01 1.17899005068797122e-01 8.14981453498206387e-02 3.73765379078502269e-02 5.32759767773867271e-02 0.  0.  0.  0.  0.  0.  0.  0.  0.  0.  0.  0.  0.  0.  0.  0.  0.  0.  
0.  1.  0.  0.  0.  0.  0.  0.  0.  0.  0.  0.  0.  0.  0.  0.  0.  0.  0.  0.  0.  0.  0.  0.  0.  0.  
1.  0.  0.  0.  0.  0.  0.  0.  0.  0.  0.  0.  0.  0.  0.  0.  0.  0.  0.  0.  0.  0.  0.  0.  0.  0.  
1.  0.  0.  0.  0.  0.  0.  0.  0.  0.  0.  0.  0.  0.  0.  0.  0.  0.  0.  0.  0.  0.  0.  0.  0.  0.  
1.  0.  0.  0.  0.  0.  0.  0.  0.  0.  0.  0.  0.  0.  0.  0.  0.  0.  0.  0.  0.  0.  0.  0.  0.  0.  
2 
aaEmitByClass_CPT 
1 % number parents
16 21 % cardinalities
DirichletConst 1.  
   0.00050000    0.04997500    0.04997500    0.04997500    0.04997500    0.04997500    0.04997500    0.04997500    0.04997500    0.04997500    0.04997500    0.04997500    0.04997500    0.04997500    0.04997500    0.04997500    0.04997500    0.04997500    0.04997500    0.04997500    0.04997500  
   0.00050000    0.07555247    0.01045444    0.03694797    0.04788682    0.04066037    0.06609763    0.02343329    0.05224324    0.08593523    0.08479918    0.03485461    0.03933160    0.04510494    0.03801810    0.09816121    0.06900960    0.05116736    0.05121435    0.01943696    0.02919063  
   0.00050000    0.09124658    0.01577250    0.01083639    0.00975763    0.08910003    0.07215664    0.01724622    0.09769833    0.02169711    0.16130551    0.03516035    0.02408888    0.02466828    0.01486261    0.03155340    0.04719208    0.04875204    0.09578284    0.03944288    0.05117972  
   0.00050000    0.11975043    0.02356568    0.00602375    0.00713725    0.08790441    0.09476977    0.00678428    0.11989347    0.00342846    0.16925285    0.03943060    0.01380364    0.02352192    0.00829504    0.00362890    0.05581608    0.05357036    0.12429825    0.01614205    0.02248281  
   0.00050000    0.11561887    0.00825567    0.01133922    0.01108081    0.08937062    0.08304795    0.02218313    0.10048707    0.01053352    0.14787604    0.03503287    0.01731193    0.03357953    0.01840216    0.01349668    0.04837910    0.05004142    0.09101842    0.04016094    0.05228407  
   0.00050000    0.07480819    0.00836034    0.04824803    0.04463120    0.05701633    0.09150814    0.02413386    0.04826286    0.03431598    0.09525035    0.03230845    0.04736056    0.05867621    0.03680107    0.03338470    0.06998674    0.05664311    0.06615042    0.02918704    0.04246641  
   0.00050000    0.08024895    0.01722175    0.05932886    0.06211825    0.03886095    0.07726238    0.02228157    0.05011522    0.05762491    0.08282168    0.02012170    0.04774441    0.05160449    0.04050001    0.04635943    0.06687105    0.06074129    0.06778497    0.01429773    0.03559038  
   0.00050000    0.05725363    0.00984384    0.04045122    0.05879194    0.05536782    0.05862412    0.02053611    0.05044526    0.04531225    0.09840143    0.02006012    0.04809898    0.06010447    0.06116215    0.06032373    0.09594548    0.06145349    0.05684822    0.01400561    0.02647014  
   0.00050000    0.08404740    0.01040732    0.01146427    0.01650470    0.04753947    0.04949479    0.01908835    0.04463783    0.12394608    0.10625868    0.02303217    0.03608542    0.05215615    0.03032674    0.10873765    0.08892533    0.06018356    0.05009889    0.01953674    0.01702847  
   0.00050000    0.16432839    0.03295143    0.00121336    0.00105160    0.06787054    0.04598092    0.00275347    0.06298575    0.00064244    0.33731010    0.02477602    0.00249618    0.01428728    0.00463038    0.00140339    0.06370941    0.04645848    0.10718872    0.01225844    0.00520368  
   0.00050000    0.13532936    0.01719257    0.01495372    0.02239617    0.03082717    0.10239274    0.01990434    0.02861380    0.01513843    0.08576040    0.01935260    0.02858130    0.10162643    0.04458418    0.02449141    0.13671336    0.08350639    0.06377051    0.01191212    0.01245300  
   0.00050000    0.38649894    0.05148432    0.00358435    0.00521361    0.00521360    0.05409938    0.00195510    0.02737141    0.00358435    0.04790058    0.00391020    0.00391020    0.00456242    0.00456198    0.00719175    0.11699544    0.07853161    0.19064980    0.00097755    0.00130340  
   0.00050000    0.07788465    0.01335986    0.02997821    0.05637209    0.06386662    0.02934429    0.06679927    0.01857345    0.02150611    0.14435289    0.02900066    0.04822581    0.01010206    0.08898841    0.04660898    0.11210814    0.04138483    0.03848047    0.02704556    0.03551766  
   0.00050000    0.62566618    0.03225916    0.00162926    0.00195511    0.00195510    0.14147293    0.00032585    0.00097755    0.00293265    0.01564100    0.00162925    0.00358435    0.01922754    0.01075505    0.00717076    0.09873828    0.02966301    0.00293942    0.00032585    0.00065170  
   0.00050000    0.23563838    0.01401155    0.07983327    0.08504758    0.02639386    0.05670551    0.02378706    0.02639386    0.04659656    0.05182816    0.01010135    0.02737141    0.00391068    0.09710361    0.02902214    0.07266522    0.03812795    0.04596119    0.00847210    0.02052856  
   0.00050000    0.00032585    0.00032585    0.00032585    0.00032585    0.00032585    0.00032585    0.00032585    0.00032585    0.00032585    0.00032585    0.99330885    0.00032585    0.00032585    0.00032585    0.00032585    0.00032585    0.00032585    0.00032585    0.00032585    0.00032585  
3 
leaveExpState_CPT 
1 % number parents
16 2 % cardinalities
1.  0.  
1.  0.  
1.  0.  
1.  0.  
1.  0.  
9.61500151935130276e-01 3.84998480648697308e-02 
1.  0.  
9.86467922703879507e-01 1.35320772961204910e-02 
9.90675814247787057e-01 9.32418575221296946e-03 
1.  0.  
1.  0.  
1.  0.  
1.  0.  
7.48840333035048822e-01 2.51159666964951234e-01 
9.90842463937625428e-01 9.15753606237456989e-03 
9.98431411203718588e-01 1.56858879628144279e-03 
4 
stateTrans_CPT 
1 % number parents
30 30 % cardinalities
1.  0.  0.  0.  0.  0.  0.  0.  0.  0.  0.  0.  0.  0.  0.  0.  0.  0.  0.  0.  0.  0.  0.  0.  0.  0.  0.  0.  0.  0.  
0.  0.  1.  0.  0.  0.  0.  0.  0.  0.  0.  0.  0.  0.  0.  0.  0.  0.  0.  0.  0.  0.  0.  0.  0.  0.  0.  0.  0.  0.  
0.  0.  0.  1.  0.  0.  0.  0.  0.  0.  0.  0.  0.  0.  0.  0.  0.  0.  0.  0.  0.  0.  0.  0.  0.  0.  0.  0.  0.  0.  
0.  0.  0.  0.  1.  0.  0.  0.  0.  0.  0.  0.  0.  0.  0.  0.  0.  0.  0.  0.  0.  0.  0.  0.  0.  0.  0.  0.  0.  0.  
0.  0.  0.  0.  0.  3.35110759743786457e-01 0.  0.  5.87694353433830807e-01 7.71948868223826662e-02 0.  0.  0.  0.  0.  0.  0.  0.  0.  0.  0.  0.  0.  0.  0.  0.  0.  0.  0.  0.  
0.  0.  0.  0.  0.  0.  1.  0.  0.  0.  0.  0.  0.  0.  0.  0.  0.  0.  0.  0.  0.  0.  0.  0.  0.  0.  0.  0.  0.  0.  
0.  0.  0.  0.  0.  0.  0.  1.  0.  0.  0.  0.  0.  0.  0.  0.  0.  0.  0.  0.  0.  0.  0.  0.  0.  0.  0.  0.  0.  0.  
0.  0.  0.  0.  0.  0.  0.  0.  0.  0.  0.  0.  1.  0.  0.  0.  0.  0.  0.  0.  0.  0.  0.  0.  0.  0.  0.  0.  0.  0.  
0.  0.  0.  0.  0.  0.  0.  0.  0.  0.  0.  0.  1.  0.  0.  0.  0.  0.  0.  0.  0.  0.  0.  0.  0.  0.  0.  0.  0.  0.  
0.  0.  0.  0.  0.  0.  0.  0.  0.  0.  1.  0.  0.  0.  0.  0.  0.  0.  0.  0.  0.  0.  0.  0.  0.  0.  0.  0.  0.  0.  
0.  0.  0.  0.  0.  0.  0.  0.  0.  0.  0.  0.  0.  0.  0.  0.  0.  0.  0.  0.  0.  0.  0.  0.  0.  0.  0.  1.  0.  0.  
0.  0.  0.  0.  0.  0.  0.  0.  0.  0.  0.  0.  1.  0.  0.  0.  0.  0.  0.  0.  0.  0.  0.  0.  0.  0.  0.  0.  0.  0.  
0.  0.  0.  0.  0.  0.  0.  0.  0.  0.  0.  0.  0.  1.  0.  0.  0.  0.  0.  0.  0.  0.  0.  0.  0.  0.  0.  0.  0.  0.  
0.  0.  0.  0.  0.  0.  0.  0.  0.  0.  0.  0.  0.  0.  1.  0.  0.  0.  0.  0.  0.  0.  0.  0.  0.  0.  0.  0.  0.  0.  
0.  5.54100304898416107e-01 0.  0.  0.  0.  0.  0.  0.  0.  0.  0.  0.  0.  0.  4.45899695101583948e-01 0.  0.  0.  0.  0.  0.  0.  0.  0.  0.  0.  0.  0.  0.  
0.  0.  0.  0.  0.  0.  0.  0.  0.  0.  0.  0.  0.  0.  0.  0.  1.  0.  0.  0.  0.  0.  0.  0.  0.  0.  0.  0.  0.  0.  
0.  0.  0.  0.  0.  0.  0.  0.  0.  0.  0.  0.  0.  0.  0.  0.  0.  1.  0.  0.  0.  0.  0.  0.  0.  0.  0.  0.  0.  0.  
0.  0.  1.  0.  0.  0.  0.  0.  0.  0.  0.  0.  0.  0.  0.  0.  0.  0.  0.  0.  0.  0.  0.  0.  0.  0.  0.  0.  0.  0.  
0.  0.  0.  0.  0.  0.  0.  0.  0.  0.  0.  0.  0.  0.  0.  0.  0.  0.  0.  1.  0.  0.  0.  0.  0.  0.  0.  0.  0.  0.  
0.  0.  0.  0.  0.  0.  0.  0.  0.  0.  0.  0.  0.  0.  0.  0.  0.  0.  0.  0.  9.76080607021814095e-01 2.39193929781858737e-02 0.  0.  0.  0.  0.  0.  0.  0.  
0.  0.  0.  0.  0.  0.  0.  0.  0.  0.  0.  0.  0.  0.  0.  0.  0.  0.  0.  0.  0.  1.  0.  0.  0.  0.  0.  0.  0.  0.  
0.  0.  0.  0.  0.  0.  0.  0.  0.  0.  0.  0.  0.  0.  0.  0.  0.  0.  0.  0.  0.  0.  1.  0.  0.  0.  0.  0.  0.  0.  
0.  0.  0.  0.  0.  0.  0.  0.  0.  0.  0.  0.  0.  0.  0.  0.  0.  0.  0.  0.  0.  0.  0.  1.  0.  0.  0.  0.  0.  0.  
0.  0.  0.  0.  0.  0.  0.  0.  0.  0.  0.  0.  0.  0.  0.  0.  0.  0.  0.  0.  0.  0.  0.  0.  1.  0.  0.  0.  0.  0.  
 0.0000  0.0000  0.0000  0.0000  0.0000  0.0000  0.0075  0.0000  0.0000  0.0000  0.9925  0.0000  0.0000  0.0000  0.0000  0.0000  0.0000  0.0000  0.0000  0.0000  0.0000  0.0000  0.0000  0.0000  0.0000  0.0000  0.0000  0.0000  0.0000  0.0000 
0.  0.  0.  0.  0.  0.  0.  0.  0.  0.  0.  0.  0.  0.  0.  0.  0.  0.  0.  0.  0.  0.  0.  0.  0.  1.  0.  0.  0.  0.  
0.  0.  0.  0.  0.  0.  0.  0.  0.  0.  0.  0.  0.  0.  0.  0.  0.  0.  1.  0.  0.  0.  0.  0.  0.  0.  0.  0.  0.  0.  
0.  0.  0.  0.  0.  0.  0.  0.  0.  0.  0.  0.  0.  0.  0.  0.  0.  0.  0.  0.  0.  0.  0.  0.  0.  0.  0.  0.  1.  0.  
0.  0.  0.  0.  0.  0.  0.  0.  0.  0.  0.  1.  0.  0.  0.  0.  0.  0.  0.  0.  0.  0.  0.  0.  0.  0.  0.  0.  0.  0.  
0.  0.  0.  0.  0.  0.  0.  0.  0.  0.  0.  0.  0.  0.  0.  0.  0.  0.  0.  0.  0.  0.  0.  0.  0.  0.  1.  0.  0.  0.  
5 
topoClass_pType_CPT 
1 % number parents
4 5 % cardinalities
0.  0.  0.  1.  0.  
0.  0.  0.  1.  0.  
0.  5.00000000000000000e-01 0.  5.00000000000000000e-01 0.  
0.  5.00000000000000000e-01 0.  5.00000000000000000e-01 0.  
6 
topoClass_numTM_CPT 
1 % number parents
4 5 % cardinalities
2.00000000000000011e-01 2.00000000000000011e-01 2.00000000000000011e-01 2.00000000000000011e-01 2.00000000000000011e-01 
2.00000000000000011e-01 2.00000000000000011e-01 2.00000000000000011e-01 2.00000000000000011e-01 2.00000000000000011e-01 
2.00000000000000011e-01 2.00000000000000011e-01 2.00000000000000011e-01 2.00000000000000011e-01 2.00000000000000011e-01 
2.00000000000000011e-01 2.00000000000000011e-01 2.00000000000000011e-01 2.00000000000000011e-01 2.00000000000000011e-01 
7 
topoClass_CPT 
0 % number parents
5 % cardinalities
2.00000000000000011e-01 2.00000000000000011e-01 2.00000000000000011e-01 2.00000000000000011e-01 2.00000000000000011e-01 
8 
topoBit_spBitNumTM 
2 % number parents
2 4 2 % cardinalities
0.  1.  
2.46698116311054899e-01 7.53301883688945129e-01 
8.99092347722405316e-01 1.00907652277594698e-01 
5.24133469325921864e-01 4.75866530674078192e-01 
0.  1.  
1.  0.  
0.  1.  
1.  0.  


% Components
0 


% Mixtures of components
0 


% Gaussian Switching Mixtures
0 

% Logistic-Regression-based Switching Mixtures
0 

% MLP-based Switching Mixtures
0 
